2023-07-17 21:20:56,577 [main] ERROR org.apache.dubbo.common.extension.ExtensionLoader (ExtensionLoader.java:702) -  [DUBBO] Failed to inject via method setZookeeperTransporter of interface org.apache.dubbo.common.config.configcenter.DynamicConfigurationFactory: Failed to create adaptive instance: java.lang.IllegalStateException: Can't create adaptive extension interface org.apache.dubbo.remoting.zookeeper.ZookeeperTransporter, cause: Unable to make protected final java.lang.Class java.lang.ClassLoader.defineClass(java.lang.String,byte[],int,int,java.security.ProtectionDomain) throws java.lang.ClassFormatError accessible: module java.base does not "opens java.lang" to unnamed module @478190fc, dubbo version: 2.7.8, current host: 192.168.10.5
java.lang.IllegalStateException: Failed to create adaptive instance: java.lang.IllegalStateException: Can't create adaptive extension interface org.apache.dubbo.remoting.zookeeper.ZookeeperTransporter, cause: Unable to make protected final java.lang.Class java.lang.ClassLoader.defineClass(java.lang.String,byte[],int,int,java.security.ProtectionDomain) throws java.lang.ClassFormatError accessible: module java.base does not "opens java.lang" to unnamed module @478190fc
	at org.apache.dubbo.common.extension.ExtensionLoader.getAdaptiveExtension(ExtensionLoader.java:592)
	at org.apache.dubbo.common.extension.factory.SpiExtensionFactory.getExtension(SpiExtensionFactory.java:33)
	at org.apache.dubbo.common.extension.factory.AdaptiveExtensionFactory.getExtension(AdaptiveExtensionFactory.java:47)
	at org.apache.dubbo.common.extension.ExtensionLoader.injectExtension(ExtensionLoader.java:697)
	at org.apache.dubbo.common.extension.ExtensionLoader.createExtension(ExtensionLoader.java:638)
	at org.apache.dubbo.common.extension.ExtensionLoader.getExtension(ExtensionLoader.java:429)
	at org.apache.dubbo.common.extension.ExtensionLoader.getExtension(ExtensionLoader.java:413)
	at org.apache.dubbo.common.extension.ExtensionLoader.getOrDefaultExtension(ExtensionLoader.java:444)
	at org.apache.dubbo.common.config.configcenter.DynamicConfigurationFactory.getDynamicConfigurationFactory(DynamicConfigurationFactory.java:44)
	at org.apache.dubbo.common.config.configcenter.DynamicConfiguration.getDynamicConfiguration(DynamicConfiguration.java:223)
	at org.apache.dubbo.config.bootstrap.DubboBootstrap.prepareEnvironment(DubboBootstrap.java:1034)
	at org.apache.dubbo.config.bootstrap.DubboBootstrap.startConfigCenter(DubboBootstrap.java:623)
	at org.apache.dubbo.config.bootstrap.DubboBootstrap.initialize(DubboBootstrap.java:521)
	at org.apache.dubbo.config.bootstrap.DubboBootstrap.start(DubboBootstrap.java:896)
	at org.apache.dubbo.config.spring.context.DubboBootstrapApplicationListener.onContextRefreshedEvent(DubboBootstrapApplicationListener.java:59)
	at org.apache.dubbo.config.spring.context.DubboBootstrapApplicationListener.onApplicationContextEvent(DubboBootstrapApplicationListener.java:52)
	at org.apache.dubbo.config.spring.context.OneTimeExecutionApplicationContextEventListener.onApplicationEvent(OneTimeExecutionApplicationContextEventListener.java:40)
	at org.springframework.context.event.SimpleApplicationEventMulticaster.doInvokeListener(SimpleApplicationEventMulticaster.java:176)
	at org.springframework.context.event.SimpleApplicationEventMulticaster.invokeListener(SimpleApplicationEventMulticaster.java:169)
	at org.springframework.context.event.SimpleApplicationEventMulticaster.multicastEvent(SimpleApplicationEventMulticaster.java:143)
	at org.springframework.context.support.AbstractApplicationContext.publishEvent(AbstractApplicationContext.java:421)
	at org.springframework.context.support.AbstractApplicationContext.publishEvent(AbstractApplicationContext.java:378)
	at org.springframework.context.support.AbstractApplicationContext.finishRefresh(AbstractApplicationContext.java:938)
	at org.springframework.context.support.AbstractApplicationContext.refresh(AbstractApplicationContext.java:586)
	at org.springframework.boot.SpringApplication.refresh(SpringApplication.java:734)
	at org.springframework.boot.SpringApplication.refreshContext(SpringApplication.java:408)
	at org.springframework.boot.SpringApplication.run(SpringApplication.java:308)
	at org.springframework.boot.SpringApplication.run(SpringApplication.java:1306)
	at org.springframework.boot.SpringApplication.run(SpringApplication.java:1295)
	at com.bjpowernode.micrdataservice.MicrDataserviceApplication.main(MicrDataserviceApplication.java:15)
Caused by: java.lang.IllegalStateException: Can't create adaptive extension interface org.apache.dubbo.remoting.zookeeper.ZookeeperTransporter, cause: Unable to make protected final java.lang.Class java.lang.ClassLoader.defineClass(java.lang.String,byte[],int,int,java.security.ProtectionDomain) throws java.lang.ClassFormatError accessible: module java.base does not "opens java.lang" to unnamed module @478190fc
	at org.apache.dubbo.common.extension.ExtensionLoader.createAdaptiveExtension(ExtensionLoader.java:1021)
	at org.apache.dubbo.common.extension.ExtensionLoader.getAdaptiveExtension(ExtensionLoader.java:588)
	... 29 more
Caused by: java.lang.reflect.InaccessibleObjectException: Unable to make protected final java.lang.Class java.lang.ClassLoader.defineClass(java.lang.String,byte[],int,int,java.security.ProtectionDomain) throws java.lang.ClassFormatError accessible: module java.base does not "opens java.lang" to unnamed module @478190fc
	at java.base/java.lang.reflect.AccessibleObject.checkCanSetAccessible(AccessibleObject.java:354)
	at java.base/java.lang.reflect.AccessibleObject.checkCanSetAccessible(AccessibleObject.java:297)
	at java.base/java.lang.reflect.Method.checkCanSetAccessible(Method.java:199)
	at java.base/java.lang.reflect.Method.setAccessible(Method.java:193)
	at javassist.ClassPool.toClass2(ClassPool.java:1181)
	at javassist.ClassPool.toClass(ClassPool.java:1164)
	at javassist.CtClass.toClass(CtClass.java:1305)
	at org.apache.dubbo.common.compiler.support.JavassistCompiler.doCompile(JavassistCompiler.java:82)
	at org.apache.dubbo.common.compiler.support.AbstractCompiler.compile(AbstractCompiler.java:58)
	at org.apache.dubbo.common.compiler.support.AdaptiveCompiler.compile(AdaptiveCompiler.java:45)
	at org.apache.dubbo.common.extension.ExtensionLoader.createAdaptiveExtensionClass(ExtensionLoader.java:1037)
	at org.apache.dubbo.common.extension.ExtensionLoader.getAdaptiveExtensionClass(ExtensionLoader.java:1030)
	at org.apache.dubbo.common.extension.ExtensionLoader.createAdaptiveExtension(ExtensionLoader.java:1019)
	... 30 more
